<?xml version="1.0" encoding="UTF-8"?>
<!-- Generated by org.testng.reporters.JUnitReportReporter -->
<testsuite skipped="0" hostname="SMSL043" name="robot.Pagina" tests="1" failures="0" timestamp="21 may 2018 19:26:02 GMT" time="259.357" errors="0">
  <testcase name="Enter" time="259.357" classname="robot.Pagina"/>
</testsuite> <!-- robot.Pagina -->
