<?xml version="1.0" encoding="UTF-8"?>
<!-- Generated by org.testng.reporters.JUnitReportReporter -->
<testsuite skipped="0" hostname="NOELIA-PC" name="robot.Pagina" tests="1" failures="0" timestamp="26 feb 2018 00:21:43 GMT" time="183.760" errors="0">
  <testcase name="Enter" time="183.760" classname="robot.Pagina"/>
</testsuite> <!-- robot.Pagina -->
